<?xml version="1.0" encoding="UTF-8"?>
<!-- Generated by org.testng.reporters.JUnitXMLReporter -->
<testsuite ignored="0" hostname="Animeshs-MacBook-Air.local" failures="8" tests="22" name="Test" time="87.385" errors="0" timestamp="01 Dec 2024 15:17:18 GMT">
  <testcase classname="io.cucumber.testng.AbstractTestNGCucumberTests" name="runScenario" time="4.154"/>
  <testcase classname="io.cucumber.testng.AbstractTestNGCucumberTests" name="runScenario" time="3.273"/>
  <testcase classname="io.cucumber.testng.AbstractTestNGCucumberTests" name="runScenario" time="2.379"/>
  <testcase classname="io.cucumber.testng.AbstractTestNGCucumberTests" name="runScenario" time="4.258"/>
  <testcase classname="io.cucumber.testng.AbstractTestNGCucumberTests" name="runScenario" time="3.081"/>
  <testcase classname="io.cucumber.testng.AbstractTestNGCucumberTests" name="runScenario" time="2.97"/>
  <testcase classname="io.cucumber.testng.AbstractTestNGCucumberTests" name="runScenario" time="3.794"/>
  <testcase classname="io.cucumber.testng.AbstractTestNGCucumberTests" name="runScenario" time="2.258"/>
  <testcase classname="io.cucumber.testng.AbstractTestNGCucumberTests" name="runScenario" time="3.976"/>
  <testcase classname="io.cucumber.testng.AbstractTestNGCucumberTests" name="runScenario" time="3.194">
    <failure type="java.lang.AssertionError" message="expected [Unfortunately, this schedule is not possible. Please try again.] but found [Sorry, there are no more seats available.]">
      <![CDATA[java.lang.AssertionError: expected [Unfortunately, this schedule is not possible. Please try again.] but found [Sorry, there are no more seats available.]
at steps.SearchTestSteps.i_see(SearchTestSteps.java:77)
at ✽.I see "schedule not possible"(file:///Users/animeshsen/eclipse-workspace/MarsAir/src/test/java/features/SearchTest.feature:30)
... Removed 6 stack frames]]>
    </failure>
  </testcase> <!-- runScenario -->
  <testcase classname="io.cucumber.testng.AbstractTestNGCucumberTests" name="runScenario" time="3.807"/>
  <testcase classname="io.cucumber.testng.AbstractTestNGCucumberTests" name="runScenario" time="4.829">
    <failure type="java.lang.AssertionError" message="expected [Unfortunately, this schedule is not possible. Please try again.] but found [Sorry, there are no more seats available.]">
      <![CDATA[java.lang.AssertionError: expected [Unfortunately, this schedule is not possible. Please try again.] but found [Sorry, there are no more seats available.]
at steps.SearchTestSteps.i_see(SearchTestSteps.java:77)
at ✽.I see "schedule not possible"(file:///Users/animeshsen/eclipse-workspace/MarsAir/src/test/java/features/SearchTest.feature:30)
... Removed 6 stack frames]]>
    </failure>
  </testcase> <!-- runScenario -->
  <testcase classname="io.cucumber.testng.AbstractTestNGCucumberTests" name="runScenario" time="2.3"/>
  <testcase classname="io.cucumber.testng.AbstractTestNGCucumberTests" name="runScenario" time="4.039">
    <failure type="java.lang.AssertionError" message="expected [Unfortunately, this schedule is not possible. Please try again.] but found [Sorry, there are no more seats available.]">
      <![CDATA[java.lang.AssertionError: expected [Unfortunately, this schedule is not possible. Please try again.] but found [Sorry, there are no more seats available.]
at steps.SearchTestSteps.i_see(SearchTestSteps.java:77)
at ✽.I see "schedule not possible"(file:///Users/animeshsen/eclipse-workspace/MarsAir/src/test/java/features/SearchTest.feature:30)
... Removed 6 stack frames]]>
    </failure>
  </testcase> <!-- runScenario -->
  <testcase classname="io.cucumber.testng.AbstractTestNGCucumberTests" name="runScenario" time="3.251"/>
  <testcase classname="io.cucumber.testng.AbstractTestNGCucumberTests" name="runScenario" time="4.757">
    <failure type="java.lang.AssertionError" message="expected [Unfortunately, this schedule is not possible. Please try again.] but found [Sorry, there are no more seats available.]">
      <![CDATA[java.lang.AssertionError: expected [Unfortunately, this schedule is not possible. Please try again.] but found [Sorry, there are no more seats available.]
at steps.SearchTestSteps.i_see(SearchTestSteps.java:77)
at ✽.I see "schedule not possible"(file:///Users/animeshsen/eclipse-workspace/MarsAir/src/test/java/features/SearchTest.feature:30)
... Removed 6 stack frames]]>
    </failure>
  </testcase> <!-- runScenario -->
  <testcase classname="io.cucumber.testng.AbstractTestNGCucumberTests" name="runScenario" time="2.897"/>
  <testcase classname="io.cucumber.testng.AbstractTestNGCucumberTests" name="runScenario" time="3.001">
    <failure type="java.lang.AssertionError" message="expected [Unfortunately, this schedule is not possible. Please try again.] but found [Sorry, there are no more seats available.]">
      <![CDATA[java.lang.AssertionError: expected [Unfortunately, this schedule is not possible. Please try again.] but found [Sorry, there are no more seats available.]
at steps.SearchTestSteps.i_see(SearchTestSteps.java:77)
at ✽.I see "schedule not possible"(file:///Users/animeshsen/eclipse-workspace/MarsAir/src/test/java/features/SearchTest.feature:30)
... Removed 6 stack frames]]>
    </failure>
  </testcase> <!-- runScenario -->
  <testcase classname="io.cucumber.testng.AbstractTestNGCucumberTests" name="runScenario" time="3.804"/>
  <testcase classname="io.cucumber.testng.AbstractTestNGCucumberTests" name="runScenario" time="3.792">
    <failure type="java.lang.AssertionError" message="expected [Unfortunately, this schedule is not possible. Please try again.] but found [Sorry, there are no more seats available.]">
      <![CDATA[java.lang.AssertionError: expected [Unfortunately, this schedule is not possible. Please try again.] but found [Sorry, there are no more seats available.]
at steps.SearchTestSteps.i_see(SearchTestSteps.java:77)
at ✽.I see "schedule not possible"(file:///Users/animeshsen/eclipse-workspace/MarsAir/src/test/java/features/SearchTest.feature:30)
... Removed 6 stack frames]]>
    </failure>
  </testcase> <!-- runScenario -->
  <testcase classname="io.cucumber.testng.AbstractTestNGCucumberTests" name="runScenario" time="3.137">
    <failure type="java.lang.AssertionError" message="expected [Unfortunately, this schedule is not possible. Please try again.] but found [Sorry, there are no more seats available.]">
      <![CDATA[java.lang.AssertionError: expected [Unfortunately, this schedule is not possible. Please try again.] but found [Sorry, there are no more seats available.]
at steps.SearchTestSteps.i_see(SearchTestSteps.java:77)
at ✽.I see "schedule not possible"(file:///Users/animeshsen/eclipse-workspace/MarsAir/src/test/java/features/SearchTest.feature:52)
... Removed 6 stack frames]]>
    </failure>
  </testcase> <!-- runScenario -->
  <testcase classname="io.cucumber.testng.AbstractTestNGCucumberTests" name="runScenario" time="3.866">
    <failure type="java.lang.AssertionError" message="expected [Unfortunately, this schedule is not possible. Please try again.] but found [Sorry, there are no more seats available.]">
      <![CDATA[java.lang.AssertionError: expected [Unfortunately, this schedule is not possible. Please try again.] but found [Sorry, there are no more seats available.]
at steps.SearchTestSteps.i_see(SearchTestSteps.java:77)
at ✽.I see "schedule not possible"(file:///Users/animeshsen/eclipse-workspace/MarsAir/src/test/java/features/SearchTest.feature:62)
... Removed 6 stack frames]]>
    </failure>
  </testcase> <!-- runScenario -->
</testsuite> <!-- Test -->
