<html>
<head>
<title>TestNG:  Test</title>
<link href="../testng.css" rel="stylesheet" type="text/css" />
<link href="../my-testng.css" rel="stylesheet" type="text/css" />

<style type="text/css">
.log { display: none;} 
.stack-trace { display: none;} 
</style>
<script type="text/javascript">
<!--
function flip(e) {
  current = e.style.display;
  if (current == 'block') {
    e.style.display = 'none';
    return 0;
  }
  else {
    e.style.display = 'block';
    return 1;
  }
}

function toggleBox(szDivId, elem, msg1, msg2)
{
  var res = -1;  if (document.getElementById) {
    res = flip(document.getElementById(szDivId));
  }
  else if (document.all) {
    // this is the way old msie versions work
    res = flip(document.all[szDivId]);
  }
  if(elem) {
    if(res == 0) elem.innerHTML = msg1; else elem.innerHTML = msg2;
  }

}

function toggleAllBoxes() {
  if (document.getElementsByTagName) {
    d = document.getElementsByTagName('div');
    for (i = 0; i < d.length; i++) {
      if (d[i].className == 'log') {
        flip(d[i]);
      }
    }
  }
}

// -->
</script>

</head>
<body>
<h2 align='center'>Test</h2><table border='1' align="center">
<tr>
<td>Tests passed/Failed/Skipped:</td><td>14/8/0</td>
</tr><tr>
<td>Started on:</td><td>Sun Dec 01 20:45:51 IST 2024</td>
</tr>
<tr><td>Total time:</td><td>87 seconds (87385 ms)</td>
</tr><tr>
<td>Included groups:</td><td></td>
</tr><tr>
<td>Excluded groups:</td><td></td>
</tr>
</table><p/>
<small><i>(Hover the method name to see the test class name)</i></small><p/>
<table width='100%' border='1' class='invocation-failed'>
<tr><td colspan='4' align='center'><b>FAILED TESTS</b></td></tr>
<tr><td><b>Test method</b></td>
<td width="30%"><b>Exception</b></td>
<td width="10%"><b>Time (seconds)</b></td>
<td><b>Instance</b></td>
</tr>
<tr>
<td title='runner.TestRunner.runScenario()'><b>runScenario</b><br>Test class: runner.TestRunner<br>Test method: Runs Cucumber Scenarios<br>Parameters: "Invalid Search for July-July", "Optional[MarsAir: Search Validation]"</td>
<td><div><pre>java.lang.AssertionError: expected [Unfortunately, this schedule is not possible. Please try again.] but found [Sorry, there are no more seats available.]
	at steps.SearchTestSteps.i_see(SearchTestSteps.java:77)
	at ✽.I see &quot;schedule not possible&quot;(file:///Users/animeshsen/eclipse-workspace/MarsAir/src/test/java/features/SearchTest.feature:30)
... Removed 6 stack frames</pre></div><a href='#' onClick='toggleBox("stack-trace1097397209", this, "Click to show all stack frames", "Click to hide stack frames")'>Click to show all stack frames</a>
<div class='stack-trace' id='stack-trace1097397209'><pre>java.lang.AssertionError: expected [Unfortunately, this schedule is not possible. Please try again.] but found [Sorry, there are no more seats available.]
	at org.testng.Assert.fail(Assert.java:96)
	at org.testng.Assert.failNotEquals(Assert.java:776)
	at org.testng.Assert.assertEqualsImpl(Assert.java:137)
	at org.testng.Assert.assertEquals(Assert.java:118)
	at org.testng.Assert.assertEquals(Assert.java:453)
	at org.testng.Assert.assertEquals(Assert.java:463)
	at steps.SearchTestSteps.i_see(SearchTestSteps.java:77)
	at ✽.I see &quot;schedule not possible&quot;(file:///Users/animeshsen/eclipse-workspace/MarsAir/src/test/java/features/SearchTest.feature:30)
</pre></div></td>
<td>3</td>
<td>runner.TestRunner@15a34df2</td></tr>
<tr>
<td title='runner.TestRunner.runScenario()'><b>runScenario</b><br>Test class: runner.TestRunner<br>Test method: Runs Cucumber Scenarios<br>Parameters: "Invalid Search for December-December", "Optional[MarsAir: Search Validation]"</td>
<td><div><pre>java.lang.AssertionError: expected [Unfortunately, this schedule is not possible. Please try again.] but found [Sorry, there are no more seats available.]
	at steps.SearchTestSteps.i_see(SearchTestSteps.java:77)
	at ✽.I see &quot;schedule not possible&quot;(file:///Users/animeshsen/eclipse-workspace/MarsAir/src/test/java/features/SearchTest.feature:30)
... Removed 6 stack frames</pre></div><a href='#' onClick='toggleBox("stack-trace663326227", this, "Click to show all stack frames", "Click to hide stack frames")'>Click to show all stack frames</a>
<div class='stack-trace' id='stack-trace663326227'><pre>java.lang.AssertionError: expected [Unfortunately, this schedule is not possible. Please try again.] but found [Sorry, there are no more seats available.]
	at org.testng.Assert.fail(Assert.java:96)
	at org.testng.Assert.failNotEquals(Assert.java:776)
	at org.testng.Assert.assertEqualsImpl(Assert.java:137)
	at org.testng.Assert.assertEquals(Assert.java:118)
	at org.testng.Assert.assertEquals(Assert.java:453)
	at org.testng.Assert.assertEquals(Assert.java:463)
	at steps.SearchTestSteps.i_see(SearchTestSteps.java:77)
	at ✽.I see &quot;schedule not possible&quot;(file:///Users/animeshsen/eclipse-workspace/MarsAir/src/test/java/features/SearchTest.feature:30)
</pre></div></td>
<td>4</td>
<td>runner.TestRunner@15a34df2</td></tr>
<tr>
<td title='runner.TestRunner.runScenario()'><b>runScenario</b><br>Test class: runner.TestRunner<br>Test method: Runs Cucumber Scenarios<br>Parameters: "Invalid Search for JulyNextYear-JulyNextYear", "Optional[MarsAir: Search Validation]"</td>
<td><div><pre>java.lang.AssertionError: expected [Unfortunately, this schedule is not possible. Please try again.] but found [Sorry, there are no more seats available.]
	at steps.SearchTestSteps.i_see(SearchTestSteps.java:77)
	at ✽.I see &quot;schedule not possible&quot;(file:///Users/animeshsen/eclipse-workspace/MarsAir/src/test/java/features/SearchTest.feature:30)
... Removed 6 stack frames</pre></div><a href='#' onClick='toggleBox("stack-trace1277490082", this, "Click to show all stack frames", "Click to hide stack frames")'>Click to show all stack frames</a>
<div class='stack-trace' id='stack-trace1277490082'><pre>java.lang.AssertionError: expected [Unfortunately, this schedule is not possible. Please try again.] but found [Sorry, there are no more seats available.]
	at org.testng.Assert.fail(Assert.java:96)
	at org.testng.Assert.failNotEquals(Assert.java:776)
	at org.testng.Assert.assertEqualsImpl(Assert.java:137)
	at org.testng.Assert.assertEquals(Assert.java:118)
	at org.testng.Assert.assertEquals(Assert.java:453)
	at org.testng.Assert.assertEquals(Assert.java:463)
	at steps.SearchTestSteps.i_see(SearchTestSteps.java:77)
	at ✽.I see &quot;schedule not possible&quot;(file:///Users/animeshsen/eclipse-workspace/MarsAir/src/test/java/features/SearchTest.feature:30)
</pre></div></td>
<td>4</td>
<td>runner.TestRunner@15a34df2</td></tr>
<tr>
<td title='runner.TestRunner.runScenario()'><b>runScenario</b><br>Test class: runner.TestRunner<br>Test method: Runs Cucumber Scenarios<br>Parameters: "Invalid Search for DecemberNextYear-DecemberNextYear", "Optional[MarsAir: Search Validation]"</td>
<td><div><pre>java.lang.AssertionError: expected [Unfortunately, this schedule is not possible. Please try again.] but found [Sorry, there are no more seats available.]
	at steps.SearchTestSteps.i_see(SearchTestSteps.java:77)
	at ✽.I see &quot;schedule not possible&quot;(file:///Users/animeshsen/eclipse-workspace/MarsAir/src/test/java/features/SearchTest.feature:30)
... Removed 6 stack frames</pre></div><a href='#' onClick='toggleBox("stack-trace1844518545", this, "Click to show all stack frames", "Click to hide stack frames")'>Click to show all stack frames</a>
<div class='stack-trace' id='stack-trace1844518545'><pre>java.lang.AssertionError: expected [Unfortunately, this schedule is not possible. Please try again.] but found [Sorry, there are no more seats available.]
	at org.testng.Assert.fail(Assert.java:96)
	at org.testng.Assert.failNotEquals(Assert.java:776)
	at org.testng.Assert.assertEqualsImpl(Assert.java:137)
	at org.testng.Assert.assertEquals(Assert.java:118)
	at org.testng.Assert.assertEquals(Assert.java:453)
	at org.testng.Assert.assertEquals(Assert.java:463)
	at steps.SearchTestSteps.i_see(SearchTestSteps.java:77)
	at ✽.I see &quot;schedule not possible&quot;(file:///Users/animeshsen/eclipse-workspace/MarsAir/src/test/java/features/SearchTest.feature:30)
</pre></div></td>
<td>4</td>
<td>runner.TestRunner@15a34df2</td></tr>
<tr>
<td title='runner.TestRunner.runScenario()'><b>runScenario</b><br>Test class: runner.TestRunner<br>Test method: Runs Cucumber Scenarios<br>Parameters: "Invalid Search for July2Years-July2Years", "Optional[MarsAir: Search Validation]"</td>
<td><div><pre>java.lang.AssertionError: expected [Unfortunately, this schedule is not possible. Please try again.] but found [Sorry, there are no more seats available.]
	at steps.SearchTestSteps.i_see(SearchTestSteps.java:77)
	at ✽.I see &quot;schedule not possible&quot;(file:///Users/animeshsen/eclipse-workspace/MarsAir/src/test/java/features/SearchTest.feature:30)
... Removed 6 stack frames</pre></div><a href='#' onClick='toggleBox("stack-trace188909616", this, "Click to show all stack frames", "Click to hide stack frames")'>Click to show all stack frames</a>
<div class='stack-trace' id='stack-trace188909616'><pre>java.lang.AssertionError: expected [Unfortunately, this schedule is not possible. Please try again.] but found [Sorry, there are no more seats available.]
	at org.testng.Assert.fail(Assert.java:96)
	at org.testng.Assert.failNotEquals(Assert.java:776)
	at org.testng.Assert.assertEqualsImpl(Assert.java:137)
	at org.testng.Assert.assertEquals(Assert.java:118)
	at org.testng.Assert.assertEquals(Assert.java:453)
	at org.testng.Assert.assertEquals(Assert.java:463)
	at steps.SearchTestSteps.i_see(SearchTestSteps.java:77)
	at ✽.I see &quot;schedule not possible&quot;(file:///Users/animeshsen/eclipse-workspace/MarsAir/src/test/java/features/SearchTest.feature:30)
</pre></div></td>
<td>3</td>
<td>runner.TestRunner@15a34df2</td></tr>
<tr>
<td title='runner.TestRunner.runScenario()'><b>runScenario</b><br>Test class: runner.TestRunner<br>Test method: Runs Cucumber Scenarios<br>Parameters: "Invalid Search for December2Years-December2Years", "Optional[MarsAir: Search Validation]"</td>
<td><div><pre>java.lang.AssertionError: expected [Unfortunately, this schedule is not possible. Please try again.] but found [Sorry, there are no more seats available.]
	at steps.SearchTestSteps.i_see(SearchTestSteps.java:77)
	at ✽.I see &quot;schedule not possible&quot;(file:///Users/animeshsen/eclipse-workspace/MarsAir/src/test/java/features/SearchTest.feature:30)
... Removed 6 stack frames</pre></div><a href='#' onClick='toggleBox("stack-trace318371990", this, "Click to show all stack frames", "Click to hide stack frames")'>Click to show all stack frames</a>
<div class='stack-trace' id='stack-trace318371990'><pre>java.lang.AssertionError: expected [Unfortunately, this schedule is not possible. Please try again.] but found [Sorry, there are no more seats available.]
	at org.testng.Assert.fail(Assert.java:96)
	at org.testng.Assert.failNotEquals(Assert.java:776)
	at org.testng.Assert.assertEqualsImpl(Assert.java:137)
	at org.testng.Assert.assertEquals(Assert.java:118)
	at org.testng.Assert.assertEquals(Assert.java:453)
	at org.testng.Assert.assertEquals(Assert.java:463)
	at steps.SearchTestSteps.i_see(SearchTestSteps.java:77)
	at ✽.I see &quot;schedule not possible&quot;(file:///Users/animeshsen/eclipse-workspace/MarsAir/src/test/java/features/SearchTest.feature:30)
</pre></div></td>
<td>3</td>
<td>runner.TestRunner@15a34df2</td></tr>
<tr>
<td title='runner.TestRunner.runScenario()'><b>runScenario</b><br>Test class: runner.TestRunner<br>Test method: Runs Cucumber Scenarios<br>Parameters: "Invalid Search for FutureDeparture", "Optional[MarsAir: Search Validation]"</td>
<td><div><pre>java.lang.AssertionError: expected [Unfortunately, this schedule is not possible. Please try again.] but found [Sorry, there are no more seats available.]
	at steps.SearchTestSteps.i_see(SearchTestSteps.java:77)
	at ✽.I see &quot;schedule not possible&quot;(file:///Users/animeshsen/eclipse-workspace/MarsAir/src/test/java/features/SearchTest.feature:52)
... Removed 6 stack frames</pre></div><a href='#' onClick='toggleBox("stack-trace1268261468", this, "Click to show all stack frames", "Click to hide stack frames")'>Click to show all stack frames</a>
<div class='stack-trace' id='stack-trace1268261468'><pre>java.lang.AssertionError: expected [Unfortunately, this schedule is not possible. Please try again.] but found [Sorry, there are no more seats available.]
	at org.testng.Assert.fail(Assert.java:96)
	at org.testng.Assert.failNotEquals(Assert.java:776)
	at org.testng.Assert.assertEqualsImpl(Assert.java:137)
	at org.testng.Assert.assertEquals(Assert.java:118)
	at org.testng.Assert.assertEquals(Assert.java:453)
	at org.testng.Assert.assertEquals(Assert.java:463)
	at steps.SearchTestSteps.i_see(SearchTestSteps.java:77)
	at ✽.I see &quot;schedule not possible&quot;(file:///Users/animeshsen/eclipse-workspace/MarsAir/src/test/java/features/SearchTest.feature:52)
</pre></div></td>
<td>3</td>
<td>runner.TestRunner@15a34df2</td></tr>
<tr>
<td title='runner.TestRunner.runScenario()'><b>runScenario</b><br>Test class: runner.TestRunner<br>Test method: Runs Cucumber Scenarios<br>Parameters: "Invalid Search for WithOutDepartureReturn", "Optional[MarsAir: Search Validation]"</td>
<td><div><pre>java.lang.AssertionError: expected [Unfortunately, this schedule is not possible. Please try again.] but found [Sorry, there are no more seats available.]
	at steps.SearchTestSteps.i_see(SearchTestSteps.java:77)
	at ✽.I see &quot;schedule not possible&quot;(file:///Users/animeshsen/eclipse-workspace/MarsAir/src/test/java/features/SearchTest.feature:62)
... Removed 6 stack frames</pre></div><a href='#' onClick='toggleBox("stack-trace2120115571", this, "Click to show all stack frames", "Click to hide stack frames")'>Click to show all stack frames</a>
<div class='stack-trace' id='stack-trace2120115571'><pre>java.lang.AssertionError: expected [Unfortunately, this schedule is not possible. Please try again.] but found [Sorry, there are no more seats available.]
	at org.testng.Assert.fail(Assert.java:96)
	at org.testng.Assert.failNotEquals(Assert.java:776)
	at org.testng.Assert.assertEqualsImpl(Assert.java:137)
	at org.testng.Assert.assertEquals(Assert.java:118)
	at org.testng.Assert.assertEquals(Assert.java:453)
	at org.testng.Assert.assertEquals(Assert.java:463)
	at steps.SearchTestSteps.i_see(SearchTestSteps.java:77)
	at ✽.I see &quot;schedule not possible&quot;(file:///Users/animeshsen/eclipse-workspace/MarsAir/src/test/java/features/SearchTest.feature:62)
</pre></div></td>
<td>3</td>
<td>runner.TestRunner@15a34df2</td></tr>
</table><p>
<table width='100%' border='1' class='invocation-passed'>
<tr><td colspan='4' align='center'><b>PASSED TESTS</b></td></tr>
<tr><td><b>Test method</b></td>
<td width="30%"><b>Exception</b></td>
<td width="10%"><b>Time (seconds)</b></td>
<td><b>Instance</b></td>
</tr>
<tr>
<td title='runner.TestRunner.runScenario()'><b>runScenario</b><br>Test class: runner.TestRunner<br>Test method: Runs Cucumber Scenarios<br>Parameters: "Valid Search for July-JulyNextYear", "Optional[MarsAir: Search Validation]"</td>
<td></td>
<td>4</td>
<td>runner.TestRunner@15a34df2</td></tr>
<tr>
<td title='runner.TestRunner.runScenario()'><b>runScenario</b><br>Test class: runner.TestRunner<br>Test method: Runs Cucumber Scenarios<br>Parameters: "Valid Search for July-DecemberNextYear", "Optional[MarsAir: Search Validation]"</td>
<td></td>
<td>3</td>
<td>runner.TestRunner@15a34df2</td></tr>
<tr>
<td title='runner.TestRunner.runScenario()'><b>runScenario</b><br>Test class: runner.TestRunner<br>Test method: Runs Cucumber Scenarios<br>Parameters: "Valid Search for July-July2Years", "Optional[MarsAir: Search Validation]"</td>
<td></td>
<td>2</td>
<td>runner.TestRunner@15a34df2</td></tr>
<tr>
<td title='runner.TestRunner.runScenario()'><b>runScenario</b><br>Test class: runner.TestRunner<br>Test method: Runs Cucumber Scenarios<br>Parameters: "Valid Search for December-DecemberNextYear", "Optional[MarsAir: Search Validation]"</td>
<td></td>
<td>4</td>
<td>runner.TestRunner@15a34df2</td></tr>
<tr>
<td title='runner.TestRunner.runScenario()'><b>runScenario</b><br>Test class: runner.TestRunner<br>Test method: Runs Cucumber Scenarios<br>Parameters: "Valid Search for December-July2Years", "Optional[MarsAir: Search Validation]"</td>
<td></td>
<td>3</td>
<td>runner.TestRunner@15a34df2</td></tr>
<tr>
<td title='runner.TestRunner.runScenario()'><b>runScenario</b><br>Test class: runner.TestRunner<br>Test method: Runs Cucumber Scenarios<br>Parameters: "Valid Search for December-December2Years", "Optional[MarsAir: Search Validation]"</td>
<td></td>
<td>2</td>
<td>runner.TestRunner@15a34df2</td></tr>
<tr>
<td title='runner.TestRunner.runScenario()'><b>runScenario</b><br>Test class: runner.TestRunner<br>Test method: Runs Cucumber Scenarios<br>Parameters: "Valid Search for JulyNextYear-July2Years", "Optional[MarsAir: Search Validation]"</td>
<td></td>
<td>3</td>
<td>runner.TestRunner@15a34df2</td></tr>
<tr>
<td title='runner.TestRunner.runScenario()'><b>runScenario</b><br>Test class: runner.TestRunner<br>Test method: Runs Cucumber Scenarios<br>Parameters: "Valid Search for JulyNextYear-December2Years", "Optional[MarsAir: Search Validation]"</td>
<td></td>
<td>2</td>
<td>runner.TestRunner@15a34df2</td></tr>
<tr>
<td title='runner.TestRunner.runScenario()'><b>runScenario</b><br>Test class: runner.TestRunner<br>Test method: Runs Cucumber Scenarios<br>Parameters: "Valid Search for DecemberNextYear-December2Years", "Optional[MarsAir: Search Validation]"</td>
<td></td>
<td>3</td>
<td>runner.TestRunner@15a34df2</td></tr>
<tr>
<td title='runner.TestRunner.runScenario()'><b>runScenario</b><br>Test class: runner.TestRunner<br>Test method: Runs Cucumber Scenarios<br>Parameters: "Invalid Search for July-December", "Optional[MarsAir: Search Validation]"</td>
<td></td>
<td>3</td>
<td>runner.TestRunner@15a34df2</td></tr>
<tr>
<td title='runner.TestRunner.runScenario()'><b>runScenario</b><br>Test class: runner.TestRunner<br>Test method: Runs Cucumber Scenarios<br>Parameters: "Invalid Search for December-JulyNextYear", "Optional[MarsAir: Search Validation]"</td>
<td></td>
<td>2</td>
<td>runner.TestRunner@15a34df2</td></tr>
<tr>
<td title='runner.TestRunner.runScenario()'><b>runScenario</b><br>Test class: runner.TestRunner<br>Test method: Runs Cucumber Scenarios<br>Parameters: "Invalid Search for JulyNextYear-DecemberNextYear", "Optional[MarsAir: Search Validation]"</td>
<td></td>
<td>3</td>
<td>runner.TestRunner@15a34df2</td></tr>
<tr>
<td title='runner.TestRunner.runScenario()'><b>runScenario</b><br>Test class: runner.TestRunner<br>Test method: Runs Cucumber Scenarios<br>Parameters: "Invalid Search for DecemberNextYear-July2Years", "Optional[MarsAir: Search Validation]"</td>
<td></td>
<td>2</td>
<td>runner.TestRunner@15a34df2</td></tr>
<tr>
<td title='runner.TestRunner.runScenario()'><b>runScenario</b><br>Test class: runner.TestRunner<br>Test method: Runs Cucumber Scenarios<br>Parameters: "Invalid Search for July2Years-December2Years", "Optional[MarsAir: Search Validation]"</td>
<td></td>
<td>3</td>
<td>runner.TestRunner@15a34df2</td></tr>
</table><p>
</body>
</html>