<?xml version="1.0" encoding="UTF-8"?>
<testng-results ignored="0" total="22" passed="14" failed="8" skipped="0">
  <reporter-output>
  </reporter-output>
  <suite started-at="2024-12-01T15:15:51Z" name="Suite" finished-at="2024-12-01T15:17:18Z" duration-ms="87385">
    <groups>
      <group name="cucumber">
        <method signature="AbstractTestNGCucumberTests.runScenario(io.cucumber.testng.PickleWrapper, io.cucumber.testng.FeatureWrapper)[pri:0, instance:runner.TestRunner@15a34df2]" name="runScenario" class="io.cucumber.testng.AbstractTestNGCucumberTests"/>
      </group> <!-- cucumber -->
    </groups>
    <test started-at="2024-12-01T15:15:51Z" name="Test" finished-at="2024-12-01T15:17:18Z" duration-ms="87385">
      <class name="runner.TestRunner">
        <test-method is-config="true" signature="setUpClass()[pri:0, instance:runner.TestRunner@15a34df2]" started-at="2024-12-01T15:15:51Z" name="setUpClass" finished-at="2024-12-01T15:15:51Z" duration-ms="539" status="PASS">
          <reporter-output>
          </reporter-output>
        </test-method> <!-- setUpClass -->
        <test-method is-config="true" signature="setUp()[pri:0, instance:runner.TestRunner@15a34df2]" started-at="2024-12-01T15:15:51Z" name="setUp" finished-at="2024-12-01T15:15:54Z" duration-ms="2501" status="PASS">
          <reporter-output>
          </reporter-output>
        </test-method> <!-- setUp -->
        <test-method signature="runScenario(io.cucumber.testng.PickleWrapper, io.cucumber.testng.FeatureWrapper)[pri:0, instance:runner.TestRunner@15a34df2]" started-at="2024-12-01T15:15:54Z" name="runScenario" description="Runs Cucumber Scenarios" data-provider="scenarios" finished-at="2024-12-01T15:15:58Z" duration-ms="4154" status="PASS">
          <params>
            <param index="0">
              <value>
                <![CDATA["Valid Search for July-JulyNextYear"]]>
              </value>
            </param>
            <param index="1">
              <value>
                <![CDATA["Optional[MarsAir: Search Validation]"]]>
              </value>
            </param>
          </params>
          <reporter-output>
          </reporter-output>
        </test-method> <!-- runScenario -->
        <test-method signature="runScenario(io.cucumber.testng.PickleWrapper, io.cucumber.testng.FeatureWrapper)[pri:0, instance:runner.TestRunner@15a34df2]" started-at="2024-12-01T15:15:58Z" name="runScenario" description="Runs Cucumber Scenarios" data-provider="scenarios" finished-at="2024-12-01T15:16:01Z" duration-ms="3273" status="PASS">
          <params>
            <param index="0">
              <value>
                <![CDATA["Valid Search for July-DecemberNextYear"]]>
              </value>
            </param>
            <param index="1">
              <value>
                <![CDATA["Optional[MarsAir: Search Validation]"]]>
              </value>
            </param>
          </params>
          <reporter-output>
          </reporter-output>
        </test-method> <!-- runScenario -->
        <test-method signature="runScenario(io.cucumber.testng.PickleWrapper, io.cucumber.testng.FeatureWrapper)[pri:0, instance:runner.TestRunner@15a34df2]" started-at="2024-12-01T15:16:01Z" name="runScenario" description="Runs Cucumber Scenarios" data-provider="scenarios" finished-at="2024-12-01T15:16:03Z" duration-ms="2379" status="PASS">
          <params>
            <param index="0">
              <value>
                <![CDATA["Valid Search for July-July2Years"]]>
              </value>
            </param>
            <param index="1">
              <value>
                <![CDATA["Optional[MarsAir: Search Validation]"]]>
              </value>
            </param>
          </params>
          <reporter-output>
          </reporter-output>
        </test-method> <!-- runScenario -->
        <test-method signature="runScenario(io.cucumber.testng.PickleWrapper, io.cucumber.testng.FeatureWrapper)[pri:0, instance:runner.TestRunner@15a34df2]" started-at="2024-12-01T15:16:03Z" name="runScenario" description="Runs Cucumber Scenarios" data-provider="scenarios" finished-at="2024-12-01T15:16:08Z" duration-ms="4258" status="PASS">
          <params>
            <param index="0">
              <value>
                <![CDATA["Valid Search for December-DecemberNextYear"]]>
              </value>
            </param>
            <param index="1">
              <value>
                <![CDATA["Optional[MarsAir: Search Validation]"]]>
              </value>
            </param>
          </params>
          <reporter-output>
          </reporter-output>
        </test-method> <!-- runScenario -->
        <test-method signature="runScenario(io.cucumber.testng.PickleWrapper, io.cucumber.testng.FeatureWrapper)[pri:0, instance:runner.TestRunner@15a34df2]" started-at="2024-12-01T15:16:08Z" name="runScenario" description="Runs Cucumber Scenarios" data-provider="scenarios" finished-at="2024-12-01T15:16:11Z" duration-ms="3081" status="PASS">
          <params>
            <param index="0">
              <value>
                <![CDATA["Valid Search for December-July2Years"]]>
              </value>
            </param>
            <param index="1">
              <value>
                <![CDATA["Optional[MarsAir: Search Validation]"]]>
              </value>
            </param>
          </params>
          <reporter-output>
          </reporter-output>
        </test-method> <!-- runScenario -->
        <test-method signature="runScenario(io.cucumber.testng.PickleWrapper, io.cucumber.testng.FeatureWrapper)[pri:0, instance:runner.TestRunner@15a34df2]" started-at="2024-12-01T15:16:11Z" name="runScenario" description="Runs Cucumber Scenarios" data-provider="scenarios" finished-at="2024-12-01T15:16:14Z" duration-ms="2970" status="PASS">
          <params>
            <param index="0">
              <value>
                <![CDATA["Valid Search for December-December2Years"]]>
              </value>
            </param>
            <param index="1">
              <value>
                <![CDATA["Optional[MarsAir: Search Validation]"]]>
              </value>
            </param>
          </params>
          <reporter-output>
          </reporter-output>
        </test-method> <!-- runScenario -->
        <test-method signature="runScenario(io.cucumber.testng.PickleWrapper, io.cucumber.testng.FeatureWrapper)[pri:0, instance:runner.TestRunner@15a34df2]" started-at="2024-12-01T15:16:14Z" name="runScenario" description="Runs Cucumber Scenarios" data-provider="scenarios" finished-at="2024-12-01T15:16:18Z" duration-ms="3794" status="PASS">
          <params>
            <param index="0">
              <value>
                <![CDATA["Valid Search for JulyNextYear-July2Years"]]>
              </value>
            </param>
            <param index="1">
              <value>
                <![CDATA["Optional[MarsAir: Search Validation]"]]>
              </value>
            </param>
          </params>
          <reporter-output>
          </reporter-output>
        </test-method> <!-- runScenario -->
        <test-method signature="runScenario(io.cucumber.testng.PickleWrapper, io.cucumber.testng.FeatureWrapper)[pri:0, instance:runner.TestRunner@15a34df2]" started-at="2024-12-01T15:16:18Z" name="runScenario" description="Runs Cucumber Scenarios" data-provider="scenarios" finished-at="2024-12-01T15:16:20Z" duration-ms="2258" status="PASS">
          <params>
            <param index="0">
              <value>
                <![CDATA["Valid Search for JulyNextYear-December2Years"]]>
              </value>
            </param>
            <param index="1">
              <value>
                <![CDATA["Optional[MarsAir: Search Validation]"]]>
              </value>
            </param>
          </params>
          <reporter-output>
          </reporter-output>
        </test-method> <!-- runScenario -->
        <test-method signature="runScenario(io.cucumber.testng.PickleWrapper, io.cucumber.testng.FeatureWrapper)[pri:0, instance:runner.TestRunner@15a34df2]" started-at="2024-12-01T15:16:20Z" name="runScenario" description="Runs Cucumber Scenarios" data-provider="scenarios" finished-at="2024-12-01T15:16:24Z" duration-ms="3976" status="PASS">
          <params>
            <param index="0">
              <value>
                <![CDATA["Valid Search for DecemberNextYear-December2Years"]]>
              </value>
            </param>
            <param index="1">
              <value>
                <![CDATA["Optional[MarsAir: Search Validation]"]]>
              </value>
            </param>
          </params>
          <reporter-output>
          </reporter-output>
        </test-method> <!-- runScenario -->
        <test-method signature="runScenario(io.cucumber.testng.PickleWrapper, io.cucumber.testng.FeatureWrapper)[pri:0, instance:runner.TestRunner@15a34df2]" started-at="2024-12-01T15:16:24Z" name="runScenario" description="Runs Cucumber Scenarios" data-provider="scenarios" finished-at="2024-12-01T15:16:27Z" duration-ms="3194" status="FAIL">
          <params>
            <param index="0">
              <value>
                <![CDATA["Invalid Search for July-July"]]>
              </value>
            </param>
            <param index="1">
              <value>
                <![CDATA["Optional[MarsAir: Search Validation]"]]>
              </value>
            </param>
          </params>
          <exception class="java.lang.AssertionError">
            <message>
              <![CDATA[expected [Unfortunately, this schedule is not possible. Please try again.] but found [Sorry, there are no more seats available.]]]>
            </message>
            <full-stacktrace>
              <![CDATA[java.lang.AssertionError: expected [Unfortunately, this schedule is not possible. Please try again.] but found [Sorry, there are no more seats available.]
at org.testng.Assert.fail(Assert.java:96)
at org.testng.Assert.failNotEquals(Assert.java:776)
at org.testng.Assert.assertEqualsImpl(Assert.java:137)
at org.testng.Assert.assertEquals(Assert.java:118)
at org.testng.Assert.assertEquals(Assert.java:453)
at org.testng.Assert.assertEquals(Assert.java:463)
at steps.SearchTestSteps.i_see(SearchTestSteps.java:77)
at ✽.I see "schedule not possible"(file:///Users/animeshsen/eclipse-workspace/MarsAir/src/test/java/features/SearchTest.feature:30)
]]>
            </full-stacktrace>
          </exception> <!-- java.lang.AssertionError -->
          <reporter-output>
          </reporter-output>
        </test-method> <!-- runScenario -->
        <test-method signature="runScenario(io.cucumber.testng.PickleWrapper, io.cucumber.testng.FeatureWrapper)[pri:0, instance:runner.TestRunner@15a34df2]" started-at="2024-12-01T15:16:28Z" name="runScenario" description="Runs Cucumber Scenarios" data-provider="scenarios" finished-at="2024-12-01T15:16:32Z" duration-ms="3807" status="PASS">
          <params>
            <param index="0">
              <value>
                <![CDATA["Invalid Search for July-December"]]>
              </value>
            </param>
            <param index="1">
              <value>
                <![CDATA["Optional[MarsAir: Search Validation]"]]>
              </value>
            </param>
          </params>
          <reporter-output>
          </reporter-output>
        </test-method> <!-- runScenario -->
        <test-method signature="runScenario(io.cucumber.testng.PickleWrapper, io.cucumber.testng.FeatureWrapper)[pri:0, instance:runner.TestRunner@15a34df2]" started-at="2024-12-01T15:16:32Z" name="runScenario" description="Runs Cucumber Scenarios" data-provider="scenarios" finished-at="2024-12-01T15:16:37Z" duration-ms="4829" status="FAIL">
          <params>
            <param index="0">
              <value>
                <![CDATA["Invalid Search for December-December"]]>
              </value>
            </param>
            <param index="1">
              <value>
                <![CDATA["Optional[MarsAir: Search Validation]"]]>
              </value>
            </param>
          </params>
          <exception class="java.lang.AssertionError">
            <message>
              <![CDATA[expected [Unfortunately, this schedule is not possible. Please try again.] but found [Sorry, there are no more seats available.]]]>
            </message>
            <full-stacktrace>
              <![CDATA[java.lang.AssertionError: expected [Unfortunately, this schedule is not possible. Please try again.] but found [Sorry, there are no more seats available.]
at org.testng.Assert.fail(Assert.java:96)
at org.testng.Assert.failNotEquals(Assert.java:776)
at org.testng.Assert.assertEqualsImpl(Assert.java:137)
at org.testng.Assert.assertEquals(Assert.java:118)
at org.testng.Assert.assertEquals(Assert.java:453)
at org.testng.Assert.assertEquals(Assert.java:463)
at steps.SearchTestSteps.i_see(SearchTestSteps.java:77)
at ✽.I see "schedule not possible"(file:///Users/animeshsen/eclipse-workspace/MarsAir/src/test/java/features/SearchTest.feature:30)
]]>
            </full-stacktrace>
          </exception> <!-- java.lang.AssertionError -->
          <reporter-output>
          </reporter-output>
        </test-method> <!-- runScenario -->
        <test-method signature="runScenario(io.cucumber.testng.PickleWrapper, io.cucumber.testng.FeatureWrapper)[pri:0, instance:runner.TestRunner@15a34df2]" started-at="2024-12-01T15:16:37Z" name="runScenario" description="Runs Cucumber Scenarios" data-provider="scenarios" finished-at="2024-12-01T15:16:40Z" duration-ms="2300" status="PASS">
          <params>
            <param index="0">
              <value>
                <![CDATA["Invalid Search for December-JulyNextYear"]]>
              </value>
            </param>
            <param index="1">
              <value>
                <![CDATA["Optional[MarsAir: Search Validation]"]]>
              </value>
            </param>
          </params>
          <reporter-output>
          </reporter-output>
        </test-method> <!-- runScenario -->
        <test-method signature="runScenario(io.cucumber.testng.PickleWrapper, io.cucumber.testng.FeatureWrapper)[pri:0, instance:runner.TestRunner@15a34df2]" started-at="2024-12-01T15:16:40Z" name="runScenario" description="Runs Cucumber Scenarios" data-provider="scenarios" finished-at="2024-12-01T15:16:44Z" duration-ms="4039" status="FAIL">
          <params>
            <param index="0">
              <value>
                <![CDATA["Invalid Search for JulyNextYear-JulyNextYear"]]>
              </value>
            </param>
            <param index="1">
              <value>
                <![CDATA["Optional[MarsAir: Search Validation]"]]>
              </value>
            </param>
          </params>
          <exception class="java.lang.AssertionError">
            <message>
              <![CDATA[expected [Unfortunately, this schedule is not possible. Please try again.] but found [Sorry, there are no more seats available.]]]>
            </message>
            <full-stacktrace>
              <![CDATA[java.lang.AssertionError: expected [Unfortunately, this schedule is not possible. Please try again.] but found [Sorry, there are no more seats available.]
at org.testng.Assert.fail(Assert.java:96)
at org.testng.Assert.failNotEquals(Assert.java:776)
at org.testng.Assert.assertEqualsImpl(Assert.java:137)
at org.testng.Assert.assertEquals(Assert.java:118)
at org.testng.Assert.assertEquals(Assert.java:453)
at org.testng.Assert.assertEquals(Assert.java:463)
at steps.SearchTestSteps.i_see(SearchTestSteps.java:77)
at ✽.I see "schedule not possible"(file:///Users/animeshsen/eclipse-workspace/MarsAir/src/test/java/features/SearchTest.feature:30)
]]>
            </full-stacktrace>
          </exception> <!-- java.lang.AssertionError -->
          <reporter-output>
          </reporter-output>
        </test-method> <!-- runScenario -->
        <test-method signature="runScenario(io.cucumber.testng.PickleWrapper, io.cucumber.testng.FeatureWrapper)[pri:0, instance:runner.TestRunner@15a34df2]" started-at="2024-12-01T15:16:44Z" name="runScenario" description="Runs Cucumber Scenarios" data-provider="scenarios" finished-at="2024-12-01T15:16:48Z" duration-ms="3251" status="PASS">
          <params>
            <param index="0">
              <value>
                <![CDATA["Invalid Search for JulyNextYear-DecemberNextYear"]]>
              </value>
            </param>
            <param index="1">
              <value>
                <![CDATA["Optional[MarsAir: Search Validation]"]]>
              </value>
            </param>
          </params>
          <reporter-output>
          </reporter-output>
        </test-method> <!-- runScenario -->
        <test-method signature="runScenario(io.cucumber.testng.PickleWrapper, io.cucumber.testng.FeatureWrapper)[pri:0, instance:runner.TestRunner@15a34df2]" started-at="2024-12-01T15:16:48Z" name="runScenario" description="Runs Cucumber Scenarios" data-provider="scenarios" finished-at="2024-12-01T15:16:52Z" duration-ms="4757" status="FAIL">
          <params>
            <param index="0">
              <value>
                <![CDATA["Invalid Search for DecemberNextYear-DecemberNextYear"]]>
              </value>
            </param>
            <param index="1">
              <value>
                <![CDATA["Optional[MarsAir: Search Validation]"]]>
              </value>
            </param>
          </params>
          <exception class="java.lang.AssertionError">
            <message>
              <![CDATA[expected [Unfortunately, this schedule is not possible. Please try again.] but found [Sorry, there are no more seats available.]]]>
            </message>
            <full-stacktrace>
              <![CDATA[java.lang.AssertionError: expected [Unfortunately, this schedule is not possible. Please try again.] but found [Sorry, there are no more seats available.]
at org.testng.Assert.fail(Assert.java:96)
at org.testng.Assert.failNotEquals(Assert.java:776)
at org.testng.Assert.assertEqualsImpl(Assert.java:137)
at org.testng.Assert.assertEquals(Assert.java:118)
at org.testng.Assert.assertEquals(Assert.java:453)
at org.testng.Assert.assertEquals(Assert.java:463)
at steps.SearchTestSteps.i_see(SearchTestSteps.java:77)
at ✽.I see "schedule not possible"(file:///Users/animeshsen/eclipse-workspace/MarsAir/src/test/java/features/SearchTest.feature:30)
]]>
            </full-stacktrace>
          </exception> <!-- java.lang.AssertionError -->
          <reporter-output>
          </reporter-output>
        </test-method> <!-- runScenario -->
        <test-method signature="runScenario(io.cucumber.testng.PickleWrapper, io.cucumber.testng.FeatureWrapper)[pri:0, instance:runner.TestRunner@15a34df2]" started-at="2024-12-01T15:16:53Z" name="runScenario" description="Runs Cucumber Scenarios" data-provider="scenarios" finished-at="2024-12-01T15:16:56Z" duration-ms="2897" status="PASS">
          <params>
            <param index="0">
              <value>
                <![CDATA["Invalid Search for DecemberNextYear-July2Years"]]>
              </value>
            </param>
            <param index="1">
              <value>
                <![CDATA["Optional[MarsAir: Search Validation]"]]>
              </value>
            </param>
          </params>
          <reporter-output>
          </reporter-output>
        </test-method> <!-- runScenario -->
        <test-method signature="runScenario(io.cucumber.testng.PickleWrapper, io.cucumber.testng.FeatureWrapper)[pri:0, instance:runner.TestRunner@15a34df2]" started-at="2024-12-01T15:16:56Z" name="runScenario" description="Runs Cucumber Scenarios" data-provider="scenarios" finished-at="2024-12-01T15:16:59Z" duration-ms="3001" status="FAIL">
          <params>
            <param index="0">
              <value>
                <![CDATA["Invalid Search for July2Years-July2Years"]]>
              </value>
            </param>
            <param index="1">
              <value>
                <![CDATA["Optional[MarsAir: Search Validation]"]]>
              </value>
            </param>
          </params>
          <exception class="java.lang.AssertionError">
            <message>
              <![CDATA[expected [Unfortunately, this schedule is not possible. Please try again.] but found [Sorry, there are no more seats available.]]]>
            </message>
            <full-stacktrace>
              <![CDATA[java.lang.AssertionError: expected [Unfortunately, this schedule is not possible. Please try again.] but found [Sorry, there are no more seats available.]
at org.testng.Assert.fail(Assert.java:96)
at org.testng.Assert.failNotEquals(Assert.java:776)
at org.testng.Assert.assertEqualsImpl(Assert.java:137)
at org.testng.Assert.assertEquals(Assert.java:118)
at org.testng.Assert.assertEquals(Assert.java:453)
at org.testng.Assert.assertEquals(Assert.java:463)
at steps.SearchTestSteps.i_see(SearchTestSteps.java:77)
at ✽.I see "schedule not possible"(file:///Users/animeshsen/eclipse-workspace/MarsAir/src/test/java/features/SearchTest.feature:30)
]]>
            </full-stacktrace>
          </exception> <!-- java.lang.AssertionError -->
          <reporter-output>
          </reporter-output>
        </test-method> <!-- runScenario -->
        <test-method signature="runScenario(io.cucumber.testng.PickleWrapper, io.cucumber.testng.FeatureWrapper)[pri:0, instance:runner.TestRunner@15a34df2]" started-at="2024-12-01T15:17:00Z" name="runScenario" description="Runs Cucumber Scenarios" data-provider="scenarios" finished-at="2024-12-01T15:17:04Z" duration-ms="3804" status="PASS">
          <params>
            <param index="0">
              <value>
                <![CDATA["Invalid Search for July2Years-December2Years"]]>
              </value>
            </param>
            <param index="1">
              <value>
                <![CDATA["Optional[MarsAir: Search Validation]"]]>
              </value>
            </param>
          </params>
          <reporter-output>
          </reporter-output>
        </test-method> <!-- runScenario -->
        <test-method signature="runScenario(io.cucumber.testng.PickleWrapper, io.cucumber.testng.FeatureWrapper)[pri:0, instance:runner.TestRunner@15a34df2]" started-at="2024-12-01T15:17:04Z" name="runScenario" description="Runs Cucumber Scenarios" data-provider="scenarios" finished-at="2024-12-01T15:17:08Z" duration-ms="3792" status="FAIL">
          <params>
            <param index="0">
              <value>
                <![CDATA["Invalid Search for December2Years-December2Years"]]>
              </value>
            </param>
            <param index="1">
              <value>
                <![CDATA["Optional[MarsAir: Search Validation]"]]>
              </value>
            </param>
          </params>
          <exception class="java.lang.AssertionError">
            <message>
              <![CDATA[expected [Unfortunately, this schedule is not possible. Please try again.] but found [Sorry, there are no more seats available.]]]>
            </message>
            <full-stacktrace>
              <![CDATA[java.lang.AssertionError: expected [Unfortunately, this schedule is not possible. Please try again.] but found [Sorry, there are no more seats available.]
at org.testng.Assert.fail(Assert.java:96)
at org.testng.Assert.failNotEquals(Assert.java:776)
at org.testng.Assert.assertEqualsImpl(Assert.java:137)
at org.testng.Assert.assertEquals(Assert.java:118)
at org.testng.Assert.assertEquals(Assert.java:453)
at org.testng.Assert.assertEquals(Assert.java:463)
at steps.SearchTestSteps.i_see(SearchTestSteps.java:77)
at ✽.I see "schedule not possible"(file:///Users/animeshsen/eclipse-workspace/MarsAir/src/test/java/features/SearchTest.feature:30)
]]>
            </full-stacktrace>
          </exception> <!-- java.lang.AssertionError -->
          <reporter-output>
          </reporter-output>
        </test-method> <!-- runScenario -->
        <test-method signature="runScenario(io.cucumber.testng.PickleWrapper, io.cucumber.testng.FeatureWrapper)[pri:0, instance:runner.TestRunner@15a34df2]" started-at="2024-12-01T15:17:08Z" name="runScenario" description="Runs Cucumber Scenarios" data-provider="scenarios" finished-at="2024-12-01T15:17:12Z" duration-ms="3137" status="FAIL">
          <params>
            <param index="0">
              <value>
                <![CDATA["Invalid Search for FutureDeparture"]]>
              </value>
            </param>
            <param index="1">
              <value>
                <![CDATA["Optional[MarsAir: Search Validation]"]]>
              </value>
            </param>
          </params>
          <exception class="java.lang.AssertionError">
            <message>
              <![CDATA[expected [Unfortunately, this schedule is not possible. Please try again.] but found [Sorry, there are no more seats available.]]]>
            </message>
            <full-stacktrace>
              <![CDATA[java.lang.AssertionError: expected [Unfortunately, this schedule is not possible. Please try again.] but found [Sorry, there are no more seats available.]
at org.testng.Assert.fail(Assert.java:96)
at org.testng.Assert.failNotEquals(Assert.java:776)
at org.testng.Assert.assertEqualsImpl(Assert.java:137)
at org.testng.Assert.assertEquals(Assert.java:118)
at org.testng.Assert.assertEquals(Assert.java:453)
at org.testng.Assert.assertEquals(Assert.java:463)
at steps.SearchTestSteps.i_see(SearchTestSteps.java:77)
at ✽.I see "schedule not possible"(file:///Users/animeshsen/eclipse-workspace/MarsAir/src/test/java/features/SearchTest.feature:52)
]]>
            </full-stacktrace>
          </exception> <!-- java.lang.AssertionError -->
          <reporter-output>
          </reporter-output>
        </test-method> <!-- runScenario -->
        <test-method signature="runScenario(io.cucumber.testng.PickleWrapper, io.cucumber.testng.FeatureWrapper)[pri:0, instance:runner.TestRunner@15a34df2]" started-at="2024-12-01T15:17:12Z" name="runScenario" description="Runs Cucumber Scenarios" data-provider="scenarios" finished-at="2024-12-01T15:17:16Z" duration-ms="3866" status="FAIL">
          <params>
            <param index="0">
              <value>
                <![CDATA["Invalid Search for WithOutDepartureReturn"]]>
              </value>
            </param>
            <param index="1">
              <value>
                <![CDATA["Optional[MarsAir: Search Validation]"]]>
              </value>
            </param>
          </params>
          <exception class="java.lang.AssertionError">
            <message>
              <![CDATA[expected [Unfortunately, this schedule is not possible. Please try again.] but found [Sorry, there are no more seats available.]]]>
            </message>
            <full-stacktrace>
              <![CDATA[java.lang.AssertionError: expected [Unfortunately, this schedule is not possible. Please try again.] but found [Sorry, there are no more seats available.]
at org.testng.Assert.fail(Assert.java:96)
at org.testng.Assert.failNotEquals(Assert.java:776)
at org.testng.Assert.assertEqualsImpl(Assert.java:137)
at org.testng.Assert.assertEquals(Assert.java:118)
at org.testng.Assert.assertEquals(Assert.java:453)
at org.testng.Assert.assertEquals(Assert.java:463)
at steps.SearchTestSteps.i_see(SearchTestSteps.java:77)
at ✽.I see "schedule not possible"(file:///Users/animeshsen/eclipse-workspace/MarsAir/src/test/java/features/SearchTest.feature:62)
]]>
            </full-stacktrace>
          </exception> <!-- java.lang.AssertionError -->
          <reporter-output>
          </reporter-output>
        </test-method> <!-- runScenario -->
        <test-method is-config="true" signature="tearDown()[pri:0, instance:runner.TestRunner@15a34df2]" started-at="2024-12-01T15:17:17Z" name="tearDown" finished-at="2024-12-01T15:17:17Z" duration-ms="201" status="PASS">
          <reporter-output>
          </reporter-output>
        </test-method> <!-- tearDown -->
        <test-method is-config="true" signature="tearDownClass()[pri:0, instance:runner.TestRunner@15a34df2]" started-at="2024-12-01T15:17:17Z" name="tearDownClass" finished-at="2024-12-01T15:17:18Z" duration-ms="592" status="PASS">
          <reporter-output>
          </reporter-output>
        </test-method> <!-- tearDownClass -->
      </class> <!-- runner.TestRunner -->
    </test> <!-- Test -->
  </suite> <!-- Suite -->
</testng-results>
