-------------------------------------------------------------------------------
Test set: TestSuite
-------------------------------------------------------------------------------
Tests run: 22, Failures: 8, Errors: 0, Skipped: 0, Time elapsed: 89.244 s <<< FAILURE! - in TestSuite
runner.TestRunner.runScenario["Invalid Search for July-July", "Optional[MarsAir: Search Validation]"](10)  Time elapsed: 4.149 s  <<< FAILURE!
java.lang.AssertionError: expected [Unfortunately, this schedule is not possible. Please try again.] but found [Sorry, there are no more seats available.]
	at org.testng.Assert.fail(Assert.java:96)
	at org.testng.Assert.failNotEquals(Assert.java:776)
	at org.testng.Assert.assertEqualsImpl(Assert.java:137)
	at org.testng.Assert.assertEquals(Assert.java:118)
	at org.testng.Assert.assertEquals(Assert.java:453)
	at org.testng.Assert.assertEquals(Assert.java:463)
	at steps.SearchTestSteps.i_see(SearchTestSteps.java:77)
	at ✽.I see "schedule not possible"(file:///Users/animeshsen/eclipse-workspace/MarsAir/src/test/java/features/SearchTest.feature:30)

runner.TestRunner.runScenario["Invalid Search for December-December", "Optional[MarsAir: Search Validation]"](12)  Time elapsed: 5.627 s  <<< FAILURE!
java.lang.AssertionError: expected [Unfortunately, this schedule is not possible. Please try again.] but found [Sorry, there are no more seats available.]
	at org.testng.Assert.fail(Assert.java:96)
	at org.testng.Assert.failNotEquals(Assert.java:776)
	at org.testng.Assert.assertEqualsImpl(Assert.java:137)
	at org.testng.Assert.assertEquals(Assert.java:118)
	at org.testng.Assert.assertEquals(Assert.java:453)
	at org.testng.Assert.assertEquals(Assert.java:463)
	at steps.SearchTestSteps.i_see(SearchTestSteps.java:77)
	at ✽.I see "schedule not possible"(file:///Users/animeshsen/eclipse-workspace/MarsAir/src/test/java/features/SearchTest.feature:30)

runner.TestRunner.runScenario["Invalid Search for JulyNextYear-JulyNextYear", "Optional[MarsAir: Search Validation]"](14)  Time elapsed: 4.835 s  <<< FAILURE!
java.lang.AssertionError: expected [Unfortunately, this schedule is not possible. Please try again.] but found [Sorry, there are no more seats available.]
	at org.testng.Assert.fail(Assert.java:96)
	at org.testng.Assert.failNotEquals(Assert.java:776)
	at org.testng.Assert.assertEqualsImpl(Assert.java:137)
	at org.testng.Assert.assertEquals(Assert.java:118)
	at org.testng.Assert.assertEquals(Assert.java:453)
	at org.testng.Assert.assertEquals(Assert.java:463)
	at steps.SearchTestSteps.i_see(SearchTestSteps.java:77)
	at ✽.I see "schedule not possible"(file:///Users/animeshsen/eclipse-workspace/MarsAir/src/test/java/features/SearchTest.feature:30)

runner.TestRunner.runScenario["Invalid Search for DecemberNextYear-DecemberNextYear", "Optional[MarsAir: Search Validation]"](16)  Time elapsed: 5.569 s  <<< FAILURE!
java.lang.AssertionError: expected [Unfortunately, this schedule is not possible. Please try again.] but found [Sorry, there are no more seats available.]
	at org.testng.Assert.fail(Assert.java:96)
	at org.testng.Assert.failNotEquals(Assert.java:776)
	at org.testng.Assert.assertEqualsImpl(Assert.java:137)
	at org.testng.Assert.assertEquals(Assert.java:118)
	at org.testng.Assert.assertEquals(Assert.java:453)
	at org.testng.Assert.assertEquals(Assert.java:463)
	at steps.SearchTestSteps.i_see(SearchTestSteps.java:77)
	at ✽.I see "schedule not possible"(file:///Users/animeshsen/eclipse-workspace/MarsAir/src/test/java/features/SearchTest.feature:30)

runner.TestRunner.runScenario["Invalid Search for July2Years-July2Years", "Optional[MarsAir: Search Validation]"](18)  Time elapsed: 3.834 s  <<< FAILURE!
java.lang.AssertionError: expected [Unfortunately, this schedule is not possible. Please try again.] but found [Sorry, there are no more seats available.]
	at org.testng.Assert.fail(Assert.java:96)
	at org.testng.Assert.failNotEquals(Assert.java:776)
	at org.testng.Assert.assertEqualsImpl(Assert.java:137)
	at org.testng.Assert.assertEquals(Assert.java:118)
	at org.testng.Assert.assertEquals(Assert.java:453)
	at org.testng.Assert.assertEquals(Assert.java:463)
	at steps.SearchTestSteps.i_see(SearchTestSteps.java:77)
	at ✽.I see "schedule not possible"(file:///Users/animeshsen/eclipse-workspace/MarsAir/src/test/java/features/SearchTest.feature:30)

runner.TestRunner.runScenario["Invalid Search for December2Years-December2Years", "Optional[MarsAir: Search Validation]"](20)  Time elapsed: 4.624 s  <<< FAILURE!
java.lang.AssertionError: expected [Unfortunately, this schedule is not possible. Please try again.] but found [Sorry, there are no more seats available.]
	at org.testng.Assert.fail(Assert.java:96)
	at org.testng.Assert.failNotEquals(Assert.java:776)
	at org.testng.Assert.assertEqualsImpl(Assert.java:137)
	at org.testng.Assert.assertEquals(Assert.java:118)
	at org.testng.Assert.assertEquals(Assert.java:453)
	at org.testng.Assert.assertEquals(Assert.java:463)
	at steps.SearchTestSteps.i_see(SearchTestSteps.java:77)
	at ✽.I see "schedule not possible"(file:///Users/animeshsen/eclipse-workspace/MarsAir/src/test/java/features/SearchTest.feature:30)

runner.TestRunner.runScenario["Invalid Search for FutureDeparture", "Optional[MarsAir: Search Validation]"](21)  Time elapsed: 3.996 s  <<< FAILURE!
java.lang.AssertionError: expected [Unfortunately, this schedule is not possible. Please try again.] but found [Sorry, there are no more seats available.]
	at org.testng.Assert.fail(Assert.java:96)
	at org.testng.Assert.failNotEquals(Assert.java:776)
	at org.testng.Assert.assertEqualsImpl(Assert.java:137)
	at org.testng.Assert.assertEquals(Assert.java:118)
	at org.testng.Assert.assertEquals(Assert.java:453)
	at org.testng.Assert.assertEquals(Assert.java:463)
	at steps.SearchTestSteps.i_see(SearchTestSteps.java:77)
	at ✽.I see "schedule not possible"(file:///Users/animeshsen/eclipse-workspace/MarsAir/src/test/java/features/SearchTest.feature:52)

runner.TestRunner.runScenario["Invalid Search for WithOutDepartureReturn", "Optional[MarsAir: Search Validation]"](22)  Time elapsed: 4.702 s  <<< FAILURE!
java.lang.AssertionError: expected [Unfortunately, this schedule is not possible. Please try again.] but found [Sorry, there are no more seats available.]
	at org.testng.Assert.fail(Assert.java:96)
	at org.testng.Assert.failNotEquals(Assert.java:776)
	at org.testng.Assert.assertEqualsImpl(Assert.java:137)
	at org.testng.Assert.assertEquals(Assert.java:118)
	at org.testng.Assert.assertEquals(Assert.java:453)
	at org.testng.Assert.assertEquals(Assert.java:463)
	at steps.SearchTestSteps.i_see(SearchTestSteps.java:77)
	at ✽.I see "schedule not possible"(file:///Users/animeshsen/eclipse-workspace/MarsAir/src/test/java/features/SearchTest.feature:62)

